This is pdfTeX, Version 3.141592653-2.6-1.40.24 (MiKTeX 22.10) (preloaded format=pdflatex 2022.10.18)  10 OCT 2025 10:34
entering extended mode
 restricted \write18 enabled.
 %&-line parsing enabled.
**./README.tex
(README.tex
LaTeX2e <2022-06-01> patch level 5
L3 programming layer <2022-09-28>
(C:\Users\Kirill\AppData\Local\Programs\MiKTeX 2.9\tex/latex/base\article.cls
Document Class: article 2021/10/04 v1.4n Standard LaTeX document class
(C:\Users\Kirill\AppData\Local\Programs\MiKTeX 2.9\tex/latex/base\size10.clo
File: size10.clo 2021/10/04 v1.4n Standard LaTeX file (size option)
)
\c@part=\count185
\c@section=\count186
\c@subsection=\count187
\c@subsubsection=\count188
\c@paragraph=\count189
\c@subparagraph=\count190
\c@figure=\count191
\c@table=\count192
\abovecaptionskip=\skip47
\belowcaptionskip=\skip48
\bibindent=\dimen138
)
(C:\Users\Kirill\AppData\Local\Programs\MiKTeX 2.9\tex/latex/graphics\graphicx.
sty
Package: graphicx 2021/09/16 v1.2d Enhanced LaTeX Graphics (DPC,SPQR)

(C:\Users\Kirill\AppData\Local\Programs\MiKTeX 2.9\tex/latex/graphics\keyval.st
y
Package: keyval 2022/05/29 v1.15 key=value parser (DPC)
\KV@toks@=\toks16
)
(C:\Users\Kirill\AppData\Local\Programs\MiKTeX 2.9\tex/latex/graphics\graphics.
sty
Package: graphics 2022/03/10 v1.4e Standard LaTeX Graphics (DPC,SPQR)

(C:\Users\Kirill\AppData\Local\Programs\MiKTeX 2.9\tex/latex/graphics\trig.sty
Package: trig 2021/08/11 v1.11 sin cos tan (DPC)
)
(C:\Users\Kirill\AppData\Local\Programs\MiKTeX 2.9\tex/latex/graphics-cfg\graph
ics.cfg
File: graphics.cfg 2016/06/04 v1.11 sample graphics configuration
)
Package graphics Info: Driver file: pdftex.def on input line 107.

(C:\Users\Kirill\AppData\Local\Programs\MiKTeX 2.9\tex/latex/graphics-def\pdfte
x.def
File: pdftex.def 2022/09/22 v1.2b Graphics/color driver for pdftex
\stockwidth=\dimen139
\stockheight=\dimen140
))
\Gin@req@height=\dimen141
\Gin@req@width=\dimen142
)
(C:\Users\Kirill\AppData\Local\Programs\MiKTeX 2.9\tex/latex/booktabs\booktabs.
sty
Package: booktabs 2020/01/12 v1.61803398 Publication quality tables
\heavyrulewidth=\dimen143
\lightrulewidth=\dimen144
\cmidrulewidth=\dimen145
\belowrulesep=\dimen146
\belowbottomsep=\dimen147
\aboverulesep=\dimen148
\abovetopsep=\dimen149
\cmidrulesep=\dimen150
\cmidrulekern=\dimen151
\defaultaddspace=\dimen152
\@cmidla=\count193
\@cmidlb=\count194
\@aboverulesep=\dimen153
\@belowrulesep=\dimen154
\@thisruleclass=\count195
\@lastruleclass=\count196
\@thisrulewidth=\dimen155
)
(C:\Users\Kirill\AppData\Local\Programs\MiKTeX 2.9\tex/latex/tools\longtable.st
y
Package: longtable 2021-09-01 v4.17 Multi-page Table package (DPC)
\LTleft=\skip49
\LTright=\skip50
\LTpre=\skip51
\LTpost=\skip52
\LTchunksize=\count197
\LTcapwidth=\dimen156
\LT@head=\box51
\LT@firsthead=\box52
\LT@foot=\box53
\LT@lastfoot=\box54
\LT@gbox=\box55
\LT@cols=\count198
\LT@rows=\count199
\c@LT@tables=\count266
\c@LT@chunks=\count267
\LT@p@ftn=\toks17
) (C:\Users\Kirill\AppData\Local\Programs\MiKTeX 2.9\tex/latex/tools\array.sty
Package: array 2022/03/10 v2.5f Tabular extension package (FMi)
\col@sep=\dimen157
\ar@mcellbox=\box56
\extrarowheight=\dimen158
\NC@list=\toks18
\extratabsurround=\skip53
\backup@length=\skip54
\ar@cellbox=\box57
)
(C:\Users\Kirill\AppData\Local\Programs\MiKTeX 2.9\tex/latex/hyperref\hyperref.
sty
Package: hyperref 2022-09-22 v7.00t Hypertext links for LaTeX

(C:\Users\Kirill\AppData\Local\Programs\MiKTeX 2.9\tex/generic/ltxcmds\ltxcmds.
sty
Package: ltxcmds 2020-05-10 v1.25 LaTeX kernel commands for general use (HO)
)
(C:\Users\Kirill\AppData\Local\Programs\MiKTeX 2.9\tex/generic/iftex\iftex.sty
Package: iftex 2022/02/03 v1.0f TeX engine tests
)
(C:\Users\Kirill\AppData\Local\Programs\MiKTeX 2.9\tex/generic/pdftexcmds\pdfte
xcmds.sty
Package: pdftexcmds 2020-06-27 v0.33 Utility functions of pdfTeX for LuaTeX (HO
)

(C:\Users\Kirill\AppData\Local\Programs\MiKTeX 2.9\tex/generic/infwarerr\infwar
err.sty
Package: infwarerr 2019/12/03 v1.5 Providing info/warning/error messages (HO)
)
Package pdftexcmds Info: \pdf@primitive is available.
Package pdftexcmds Info: \pdf@ifprimitive is available.
Package pdftexcmds Info: \pdfdraftmode found.
)
(C:\Users\Kirill\AppData\Local\Programs\MiKTeX 2.9\tex/latex/kvsetkeys\kvsetkey
s.sty
Package: kvsetkeys 2022-10-05 v1.19 Key value parser (HO)
)
(C:\Users\Kirill\AppData\Local\Programs\MiKTeX 2.9\tex/generic/kvdefinekeys\kvd
efinekeys.sty
Package: kvdefinekeys 2019-12-19 v1.6 Define keys (HO)
)
(C:\Users\Kirill\AppData\Local\Programs\MiKTeX 2.9\tex/generic/pdfescape\pdfesc
ape.sty
Package: pdfescape 2019/12/09 v1.15 Implements pdfTeX's escape features (HO)
)
(C:\Users\Kirill\AppData\Local\Programs\MiKTeX 2.9\tex/latex/hycolor\hycolor.st
y
Package: hycolor 2020-01-27 v1.10 Color options for hyperref/bookmark (HO)
)
(C:\Users\Kirill\AppData\Local\Programs\MiKTeX 2.9\tex/latex/letltxmacro\letltx
macro.sty
Package: letltxmacro 2019/12/03 v1.6 Let assignment for LaTeX macros (HO)
)
(C:\Users\Kirill\AppData\Local\Programs\MiKTeX 2.9\tex/latex/auxhook\auxhook.st
y
Package: auxhook 2019-12-17 v1.6 Hooks for auxiliary files (HO)
)
(C:\Users\Kirill\AppData\Local\Programs\MiKTeX 2.9\tex/latex/hyperref\nameref.s
ty
Package: nameref 2022-05-17 v2.50 Cross-referencing by name of section

(C:\Users\Kirill\AppData\Local\Programs\MiKTeX 2.9\tex/latex/refcount\refcount.
sty
Package: refcount 2019/12/15 v3.6 Data extraction from label references (HO)
)
(C:\Users\Kirill\AppData\Local\Programs\MiKTeX 2.9\tex/generic/gettitlestring\g
ettitlestring.sty
Package: gettitlestring 2019/12/15 v1.6 Cleanup title references (HO)

(C:\Users\Kirill\AppData\Local\Programs\MiKTeX 2.9\tex/latex/kvoptions\kvoption
s.sty
Package: kvoptions 2022-06-15 v3.15 Key value format for package options (HO)
))
\c@section@level=\count268
)
\@linkdim=\dimen159
\Hy@linkcounter=\count269
\Hy@pagecounter=\count270

(C:\Users\Kirill\AppData\Local\Programs\MiKTeX 2.9\tex/latex/hyperref\pd1enc.de
f
File: pd1enc.def 2022-09-22 v7.00t Hyperref: PDFDocEncoding definition (HO)
Now handling font encoding PD1 ...
... no UTF-8 mapping file for font encoding PD1
)
(C:\Users\Kirill\AppData\Local\Programs\MiKTeX 2.9\tex/generic/intcalc\intcalc.
sty
Package: intcalc 2019/12/15 v1.3 Expandable calculations with integers (HO)
)
(C:\Users\Kirill\AppData\Local\Programs\MiKTeX 2.9\tex/generic/etexcmds\etexcmd
s.sty
Package: etexcmds 2019/12/15 v1.7 Avoid name clashes with e-TeX commands (HO)
)
\Hy@SavedSpaceFactor=\count271

(C:\Users\Kirill\AppData\Local\Programs\MiKTeX 2.9\tex/latex/hyperref\puenc.def
File: puenc.def 2022-09-22 v7.00t Hyperref: PDF Unicode definition (HO)
Now handling font encoding PU ...
... no UTF-8 mapping file for font encoding PU
)
Package hyperref Info: Hyper figures OFF on input line 4162.
Package hyperref Info: Link nesting OFF on input line 4167.
Package hyperref Info: Hyper index ON on input line 4170.
Package hyperref Info: Plain pages OFF on input line 4177.
Package hyperref Info: Backreferencing OFF on input line 4182.
Package hyperref Info: Implicit mode ON; LaTeX internals redefined.
Package hyperref Info: Bookmarks ON on input line 4410.
\c@Hy@tempcnt=\count272
 (C:\Users\Kirill\AppData\Local\Programs\MiKTeX 2.9\tex/latex/url\url.sty
\Urlmuskip=\muskip16
Package: url 2013/09/16  ver 3.4  Verb mode for urls, etc.
)
LaTeX Info: Redefining \url on input line 4748.
\XeTeXLinkMargin=\dimen160

(C:\Users\Kirill\AppData\Local\Programs\MiKTeX 2.9\tex/generic/bitset\bitset.st
y
Package: bitset 2019/12/09 v1.3 Handle bit-vector datatype (HO)

(C:\Users\Kirill\AppData\Local\Programs\MiKTeX 2.9\tex/generic/bigintcalc\bigin
tcalc.sty
Package: bigintcalc 2019/12/15 v1.5 Expandable calculations on big integers (HO
)
))
\Fld@menulength=\count273
\Field@Width=\dimen161
\Fld@charsize=\dimen162
Package hyperref Info: Hyper figures OFF on input line 6027.
Package hyperref Info: Link nesting OFF on input line 6032.
Package hyperref Info: Hyper index ON on input line 6035.
Package hyperref Info: backreferencing OFF on input line 6042.
Package hyperref Info: Link coloring OFF on input line 6047.
Package hyperref Info: Link coloring with OCG OFF on input line 6052.
Package hyperref Info: PDF/A mode OFF on input line 6057.

(C:\Users\Kirill\AppData\Local\Programs\MiKTeX 2.9\tex/latex/base\atbegshi-ltx.
sty
Package: atbegshi-ltx 2021/01/10 v1.0c Emulation of the original atbegshi
package with kernel methods
)
\Hy@abspage=\count274
\c@Item=\count275
\c@Hfootnote=\count276
)
Package hyperref Info: Driver (autodetected): hpdftex.

(C:\Users\Kirill\AppData\Local\Programs\MiKTeX 2.9\tex/latex/hyperref\hpdftex.d
ef
File: hpdftex.def 2022-09-22 v7.00t Hyperref driver for pdfTeX

(C:\Users\Kirill\AppData\Local\Programs\MiKTeX 2.9\tex/latex/base\atveryend-ltx
.sty
Package: atveryend-ltx 2020/08/19 v1.0a Emulation of the original atveryend pac
kage
with kernel methods
)
\Fld@listcount=\count277
\c@bookmark@seq@number=\count278

(C:\Users\Kirill\AppData\Local\Programs\MiKTeX 2.9\tex/latex/rerunfilecheck\rer
unfilecheck.sty
Package: rerunfilecheck 2022-07-10 v1.10 Rerun checks for auxiliary files (HO)

(C:\Users\Kirill\AppData\Local\Programs\MiKTeX 2.9\tex/generic/uniquecounter\un
iquecounter.sty
Package: uniquecounter 2019/12/15 v1.4 Provide unlimited unique counter (HO)
)
Package uniquecounter Info: New unique counter `rerunfilecheck' on input line 2
85.
)
\Hy@SectionHShift=\skip55
)
(C:\Users\Kirill\AppData\Local\Programs\MiKTeX 2.9\tex/latex/listings\listings.
sty
\lst@mode=\count279
\lst@gtempboxa=\box58
\lst@token=\toks19
\lst@length=\count280
\lst@currlwidth=\dimen163
\lst@column=\count281
\lst@pos=\count282
\lst@lostspace=\dimen164
\lst@width=\dimen165
\lst@newlines=\count283
\lst@lineno=\count284
\lst@maxwidth=\dimen166

(C:\Users\Kirill\AppData\Local\Programs\MiKTeX 2.9\tex/latex/listings\lstpatch.
sty
File: lstpatch.sty 2024/09/23 1.10c (Carsten Heinz)
)
(C:\Users\Kirill\AppData\Local\Programs\MiKTeX 2.9\tex/latex/listings\lstmisc.s
ty
File: lstmisc.sty 2024/09/23 1.10c (Carsten Heinz)
\c@lstnumber=\count285
\lst@skipnumbers=\count286
\lst@framebox=\box59
)
(C:\Users\Kirill\AppData\Local\Programs\MiKTeX 2.9\tex/latex/listings\listings.
cfg
File: listings.cfg 2024/09/23 1.10c listings configuration
))
Package: listings 2024/09/23 1.10c (Carsten Heinz)

(C:\Users\Kirill\AppData\Local\Programs\MiKTeX 2.9\tex/latex/xcolor\xcolor.sty
Package: xcolor 2022/06/12 v2.14 LaTeX color extensions (UK)

(C:\Users\Kirill\AppData\Local\Programs\MiKTeX 2.9\tex/latex/graphics-cfg\color
.cfg
File: color.cfg 2016/01/02 v1.6 sample color configuration
)
Package xcolor Info: Driver file: pdftex.def on input line 227.

(C:\Users\Kirill\AppData\Local\Programs\MiKTeX 2.9\tex/latex/graphics\mathcolor
.ltx)
Package xcolor Info: Model `cmy' substituted by `cmy0' on input line 1353.
Package xcolor Info: Model `hsb' substituted by `rgb' on input line 1357.
Package xcolor Info: Model `RGB' extended on input line 1369.
Package xcolor Info: Model `HTML' substituted by `rgb' on input line 1371.
Package xcolor Info: Model `Hsb' substituted by `hsb' on input line 1372.
Package xcolor Info: Model `tHsb' substituted by `hsb' on input line 1373.
Package xcolor Info: Model `HSB' substituted by `hsb' on input line 1374.
Package xcolor Info: Model `Gray' substituted by `gray' on input line 1375.
Package xcolor Info: Model `wave' substituted by `hsb' on input line 1376.
)
(C:\Users\Kirill\AppData\Local\Programs\MiKTeX 2.9\tex/latex/geometry\geometry.
sty
Package: geometry 2020/01/02 v5.9 Page Geometry

(C:\Users\Kirill\AppData\Local\Programs\MiKTeX 2.9\tex/generic/iftex\ifvtex.sty
Package: ifvtex 2019/10/25 v1.7 ifvtex legacy package. Use iftex instead.
)
\Gm@cnth=\count287
\Gm@cntv=\count288
\c@Gm@tempcnt=\count289
\Gm@bindingoffset=\dimen167
\Gm@wd@mp=\dimen168
\Gm@odd@mp=\dimen169
\Gm@even@mp=\dimen170
\Gm@layoutwidth=\dimen171
\Gm@layoutheight=\dimen172
\Gm@layouthoffset=\dimen173
\Gm@layoutvoffset=\dimen174
\Gm@dimlist=\toks20

(C:\Users\Kirill\AppData\Local\Programs\MiKTeX 2.9\tex/latex/geometry\geometry.
cfg))
(C:\Users\Kirill\AppData\Local\Programs\MiKTeX 2.9\tex/latex/tools\tabularx.sty
Package: tabularx 2020/01/15 v2.11c `tabularx' package (DPC)
\TX@col@width=\dimen175
\TX@old@table=\dimen176
\TX@old@col=\dimen177
\TX@target=\dimen178
\TX@delta=\dimen179
\TX@cols=\count290
\TX@ftn=\toks21
)
(C:\Users\Kirill\AppData\Local\Programs\MiKTeX 2.9\tex/latex/l3backend\l3backen
d-pdftex.def
File: l3backend-pdftex.def 2022-09-28 L3 backend support: PDF output (pdfTeX)
\l__color_backend_stack_int=\count291
\l__pdf_internal_box=\box60
) (README.aux)
\openout1 = `README.aux'.

LaTeX Font Info:    Checking defaults for OML/cmm/m/it on input line 30.
LaTeX Font Info:    ... okay on input line 30.
LaTeX Font Info:    Checking defaults for OMS/cmsy/m/n on input line 30.
LaTeX Font Info:    ... okay on input line 30.
LaTeX Font Info:    Checking defaults for OT1/cmr/m/n on input line 30.
LaTeX Font Info:    ... okay on input line 30.
LaTeX Font Info:    Checking defaults for T1/cmr/m/n on input line 30.
LaTeX Font Info:    ... okay on input line 30.
LaTeX Font Info:    Checking defaults for TS1/cmr/m/n on input line 30.
LaTeX Font Info:    ... okay on input line 30.
LaTeX Font Info:    Checking defaults for OMX/cmex/m/n on input line 30.
LaTeX Font Info:    ... okay on input line 30.
LaTeX Font Info:    Checking defaults for U/cmr/m/n on input line 30.
LaTeX Font Info:    ... okay on input line 30.
LaTeX Font Info:    Checking defaults for PD1/pdf/m/n on input line 30.
LaTeX Font Info:    ... okay on input line 30.
LaTeX Font Info:    Checking defaults for PU/pdf/m/n on input line 30.
LaTeX Font Info:    ... okay on input line 30.

(C:\Users\Kirill\AppData\Local\Programs\MiKTeX 2.9\tex/context/base/mkii\supp-p
df.mkii
[Loading MPS to PDF converter (version 2006.09.02).]
\scratchcounter=\count292
\scratchdimen=\dimen180
\scratchbox=\box61
\nofMPsegments=\count293
\nofMParguments=\count294
\everyMPshowfont=\toks22
\MPscratchCnt=\count295
\MPscratchDim=\dimen181
\MPnumerator=\count296
\makeMPintoPDFobject=\count297
\everyMPtoPDFconversion=\toks23
)
(C:\Users\Kirill\AppData\Local\Programs\MiKTeX 2.9\tex/latex/epstopdf-pkg\epsto
pdf-base.sty
Package: epstopdf-base 2020-01-24 v2.11 Base part for package epstopdf
Package epstopdf-base Info: Redefining graphics rule for `.eps' on input line 4
85.

(C:\Users\Kirill\AppData\Local\Programs\MiKTeX 2.9\tex/latex/00miktex\epstopdf-
sys.cfg
File: epstopdf-sys.cfg 2021/03/18 v2.0 Configuration of epstopdf for MiKTeX
))
Package hyperref Info: Link coloring OFF on input line 30.
 (README.out) (README.out)
\@outlinefile=\write3
\openout3 = `README.out'.

\c@lstlisting=\count298

*geometry* driver: auto-detecting
*geometry* detected driver: pdftex
*geometry* verbose mode - [ preamble ] result:
* driver: pdftex
* paper: a4paper
* layout: <same size as paper>
* layoutoffset:(h,v)=(0.0pt,0.0pt)
* modes: 
* h-part:(L,W,R)=(72.26999pt, 452.9679pt, 72.26999pt)
* v-part:(T,H,B)=(72.26999pt, 700.50687pt, 72.26999pt)
* \paperwidth=597.50787pt
* \paperheight=845.04684pt
* \textwidth=452.9679pt
* \textheight=700.50687pt
* \oddsidemargin=0.0pt
* \evensidemargin=0.0pt
* \topmargin=-37.0pt
* \headheight=12.0pt
* \headsep=25.0pt
* \topskip=10.0pt
* \footskip=30.0pt
* \marginparwidth=65.0pt
* \marginparsep=11.0pt
* \columnsep=10.0pt
* \skip\footins=9.0pt plus 4.0pt minus 2.0pt
* \hoffset=0.0pt
* \voffset=0.0pt
* \mag=1000
* \@twocolumnfalse
* \@twosidefalse
* \@mparswitchfalse
* \@reversemarginfalse
* (1in=72.27pt=25.4mm, 1cm=28.453pt)

LaTeX Font Info:    External font `cmex10' loaded for size
(Font)              <12> on input line 33.
LaTeX Font Info:    External font `cmex10' loaded for size
(Font)              <8> on input line 33.
LaTeX Font Info:    External font `cmex10' loaded for size
(Font)              <6> on input line 33.

(C:\Users\Kirill\AppData\Local\Programs\MiKTeX 2.9\tex/latex/listings\lstlang1.
sty
File: lstlang1.sty 2024/09/23 1.10c listings language file
)
(C:\Users\Kirill\AppData\Local\Programs\MiKTeX 2.9\tex/latex/listings\lstlang2.
sty
File: lstlang2.sty 2024/09/23 1.10c listings language file
)
(C:\Users\Kirill\AppData\Local\Programs\MiKTeX 2.9\tex/latex/listings\lstlang3.
sty
File: lstlang3.sty 2024/09/23 1.10c listings language file
)
LaTeX Font Info:    Font shape `OT1/cmtt/bx/n' in size <9> not available
(Font)              Font shape `OT1/cmtt/m/n' tried instead on input line 39.

Underfull \hbox (badness 10000) in paragraph at lines 65--65
[]|\OT1/cmtt/m/n/10 xtable\OT1/cmr/m/n/10 ,
 []


Underfull \hbox (badness 10000) in paragraph at lines 66--66
[]|\OT1/cmtt/m/n/10 datatables\OT1/cmr/m/n/10 ,
 []


Underfull \hbox (badness 1005) in paragraph at lines 67--68
[]|\OT1/cmr/m/n/10 Binary sig-nif-i-cance ma-trix for fur-ther sta-tis-ti-cal
 []

[1

{C:/Users/Kirill/AppData/Local/MiKTeX/2.9/fonts/map/pdftex/pdftex.map}]
LaTeX Font Info:    Trying to load font information for TS1+cmtt on input line 
115.

(C:\Users\Kirill\AppData\Local\Programs\MiKTeX 2.9\tex/latex/base\ts1cmtt.fd
File: ts1cmtt.fd 2019/12/16 v2.5j Standard LaTeX font definitions
)

LaTeX Font Warning: Font shape `TS1/cmtt/bx/n' undefined
(Font)              using `TS1/cmtt/m/n' instead
(Font)              for symbol `textdollar' on input line 115.

<inst/figures/EFT_table.png, id=322, 816.55063pt x 462.72874pt>
File: inst/figures/EFT_table.png Graphic file (type png)
<use inst/figures/EFT_table.png>
Package pdftex.def Info: inst/figures/EFT_table.png  used on input line 120.
(pdftex.def)             Requested size: 362.37569pt x 205.35231pt.

LaTeX Warning: `h' float specifier changed to `ht'.


Underfull \hbox (badness 1430) in paragraph at lines 179--180
[]|\OT1/cmr/m/n/10 Output ob-ject from \OT1/cmtt/m/n/10 BasicElectionForensics(
)
 []

[2] [3 <./inst/figures/EFT_table.png>] [4]
LaTeX Font Info:    External font `cmex10' loaded for size
(Font)              <7> on input line 253.
<inst/figures/img1.png, id=391, 413.04312pt x 345.29pt>
File: inst/figures/img1.png Graphic file (type png)
<use inst/figures/img1.png>
Package pdftex.def Info: inst/figures/img1.png  used on input line 254.
(pdftex.def)             Requested size: 99.65349pt x 83.30331pt.
<inst/figures/img2.png, id=392, 413.04312pt x 345.29pt>
File: inst/figures/img2.png Graphic file (type png)
<use inst/figures/img2.png>
Package pdftex.def Info: inst/figures/img2.png  used on input line 255.
(pdftex.def)             Requested size: 99.65349pt x 83.30331pt.
<inst/figures/img3.png, id=393, 413.04312pt x 345.29pt>
File: inst/figures/img3.png Graphic file (type png)
<use inst/figures/img3.png>
Package pdftex.def Info: inst/figures/img3.png  used on input line 256.
(pdftex.def)             Requested size: 99.65349pt x 83.30331pt.
<inst/figures/img4.png, id=394, 413.04312pt x 345.29pt>
File: inst/figures/img4.png Graphic file (type png)
<use inst/figures/img4.png>
Package pdftex.def Info: inst/figures/img4.png  used on input line 257.
(pdftex.def)             Requested size: 99.65349pt x 83.30331pt.
 [5 <./inst/figures/img1.png> <./inst/figures/img2.png> <./inst/figures/img3.pn
g> <./inst/figures/img4.png>]
<inst/figures/img5.png, id=408, 492.33937pt x 473.26813pt>
File: inst/figures/img5.png Graphic file (type png)
<use inst/figures/img5.png>
Package pdftex.def Info: inst/figures/img5.png  used on input line 349.
(pdftex.def)             Requested size: 99.65349pt x 95.79294pt.
<inst/figures/img6.png, id=409, 492.33937pt x 473.26813pt>
File: inst/figures/img6.png Graphic file (type png)
<use inst/figures/img6.png>
Package pdftex.def Info: inst/figures/img6.png  used on input line 350.
(pdftex.def)             Requested size: 99.65349pt x 95.79294pt.
<inst/figures/img7.png, id=410, 492.33937pt x 473.26813pt>
File: inst/figures/img7.png Graphic file (type png)
<use inst/figures/img7.png>
Package pdftex.def Info: inst/figures/img7.png  used on input line 351.
(pdftex.def)             Requested size: 99.65349pt x 95.79294pt.
<inst/figures/img8.png, id=411, 492.33937pt x 473.26813pt>
File: inst/figures/img8.png Graphic file (type png)
<use inst/figures/img8.png>
Package pdftex.def Info: inst/figures/img8.png  used on input line 352.
(pdftex.def)             Requested size: 99.65349pt x 95.79294pt.


LaTeX Warning: `h' float specifier changed to `ht'.

[6]
Underfull \hbox (badness 10000) in paragraph at lines 418--418
[]|\OT1/cmr/m/n/10 Light Or-
 []


Overfull \hbox (5.37065pt too wide) in alignment at lines 412--422
 [] [] [] [] [] 
 []

[7 <./inst/figures/img5.png> <./inst/figures/img6.png> <./inst/figures/img7.png
> <./inst/figures/img8.png>]
Underfull \hbox (badness 10000) in paragraph at lines 433--434
[]|\OT1/cmr/m/n/10 Medium
 []

[8]
Underfull \hbox (badness 1028) in paragraph at lines 509--510
[]|\OT1/cmr/m/n/10 Variable for anal-y-sis level (de-fault: "Na-
 []


Underfull \hbox (badness 1708) in paragraph at lines 514--515
[]|\OT1/cmr/m/n/10 Standard er-ror method: "para-met-ric" or
 []

[9]
Underfull \hbox (badness 1466) in paragraph at lines 545--546
[]|\OT1/cmr/m/n/10 Precinct-level fraud es-ti-mates with un-cer-
 []

[10] [11]
<inst/figures/img_national1.png, id=520, 467.24562pt x 435.12563pt>
File: inst/figures/img_national1.png Graphic file (type png)
<use inst/figures/img_national1.png>
Package pdftex.def Info: inst/figures/img_national1.png  used on input line 660
.
(pdftex.def)             Requested size: 135.89174pt x 126.54837pt.
<inst/figures/img_national2.png, id=521, 467.24562pt x 435.12563pt>
File: inst/figures/img_national2.png Graphic file (type png)
<use inst/figures/img_national2.png>
Package pdftex.def Info: inst/figures/img_national2.png  used on input line 661
.
(pdftex.def)             Requested size: 135.89174pt x 126.54837pt.
<inst/figures/img_national3.png, id=522, 467.24562pt x 435.12563pt>
File: inst/figures/img_national3.png Graphic file (type png)
<use inst/figures/img_national3.png>
Package pdftex.def Info: inst/figures/img_national3.png  used on input line 662
.
(pdftex.def)             Requested size: 135.89174pt x 126.54837pt.
<inst/figures/EFT_table2.png, id=523, 849.67438pt x 590.205pt>
File: inst/figures/EFT_table2.png Graphic file (type png)
<use inst/figures/EFT_table2.png>
Package pdftex.def Info: inst/figures/EFT_table2.png  used on input line 669.
(pdftex.def)             Requested size: 362.37569pt x 251.71187pt.
 [12 <./inst/figures/img_national1.png> <./inst/figures/img_national2.png (PNG 
copy)> <./inst/figures/img_national3.png> <./inst/figures/EFT_table2.png>]
<inst/figures/img_2D_1.png, id=548, 517.935pt x 435.12563pt>
File: inst/figures/img_2D_1.png Graphic file (type png)
<use inst/figures/img_2D_1.png>
Package pdftex.def Info: inst/figures/img_2D_1.png  used on input line 714.
(pdftex.def)             Requested size: 99.65349pt x 83.71712pt.
<inst/figures/img_2D_2.png, id=549, 517.935pt x 435.12563pt>
File: inst/figures/img_2D_2.png Graphic file (type png)
<use inst/figures/img_2D_2.png>
Package pdftex.def Info: inst/figures/img_2D_2.png  used on input line 715.
(pdftex.def)             Requested size: 99.65349pt x 83.71712pt.
<inst/figures/img_2D_3.png, id=550, 517.935pt x 435.12563pt>
File: inst/figures/img_2D_3.png Graphic file (type png)
<use inst/figures/img_2D_3.png>
Package pdftex.def Info: inst/figures/img_2D_3.png  used on input line 716.
(pdftex.def)             Requested size: 99.65349pt x 83.71712pt.
<inst/figures/img_2D_4.png, id=551, 517.935pt x 435.12563pt>
File: inst/figures/img_2D_4.png Graphic file (type png)
<use inst/figures/img_2D_4.png>
Package pdftex.def Info: inst/figures/img_2D_4.png  used on input line 717.
(pdftex.def)             Requested size: 99.65349pt x 83.71712pt.
<inst/figures/EFT_table3.png, id=552, 872.76062pt x 480.79625pt>
File: inst/figures/EFT_table3.png Graphic file (type png)
<use inst/figures/EFT_table3.png>
Package pdftex.def Info: inst/figures/EFT_table3.png  used on input line 724.
(pdftex.def)             Requested size: 362.37569pt x 199.62943pt.


LaTeX Warning: `h' float specifier changed to `ht'.

[13 <./inst/figures/img_2D_1.png> <./inst/figures/img_2D_2.png> <./inst/figures
/img_2D_3.png> <./inst/figures/img_2D_4.png>] [14 <./inst/figures/EFT_table3.pn
g>]
<inst/figures/img_3Dm_1.png, id=633, 783.92876pt x 694.595pt>
File: inst/figures/img_3Dm_1.png Graphic file (type png)
<use inst/figures/img_3Dm_1.png>
Package pdftex.def Info: inst/figures/img_3Dm_1.png  used on input line 767.
(pdftex.def)             Requested size: 135.89174pt x 120.40068pt.
<inst/figures/img_3Dm_2.png, id=634, 783.92876pt x 694.595pt>
File: inst/figures/img_3Dm_2.png Graphic file (type png)
<use inst/figures/img_3Dm_2.png>
Package pdftex.def Info: inst/figures/img_3Dm_2.png  used on input line 768.
(pdftex.def)             Requested size: 135.89174pt x 120.40068pt.
<inst/figures/img_3Dm_3.png, id=635, 783.92876pt x 694.595pt>
File: inst/figures/img_3Dm_3.png Graphic file (type png)
<use inst/figures/img_3Dm_3.png>
Package pdftex.def Info: inst/figures/img_3Dm_3.png  used on input line 769.
(pdftex.def)             Requested size: 135.89174pt x 120.40068pt.
<inst/figures/img_3Dm_4.png, id=636, 664.4825pt x 643.40375pt>
File: inst/figures/img_3Dm_4.png Graphic file (type png)
<use inst/figures/img_3Dm_4.png>
Package pdftex.def Info: inst/figures/img_3Dm_4.png  used on input line 777.
(pdftex.def)             Requested size: 135.89174pt x 131.57463pt.
<inst/figures/img_3Dm_5.png, id=637, 664.4825pt x 643.40375pt>
File: inst/figures/img_3Dm_5.png Graphic file (type png)
<use inst/figures/img_3Dm_5.png>
Package pdftex.def Info: inst/figures/img_3Dm_5.png  used on input line 778.
(pdftex.def)             Requested size: 135.89174pt x 131.57463pt.
<inst/figures/img_3Dm_6.png, id=638, 664.4825pt x 643.40375pt>
File: inst/figures/img_3Dm_6.png Graphic file (type png)
<use inst/figures/img_3Dm_6.png>
Package pdftex.def Info: inst/figures/img_3Dm_6.png  used on input line 779.
(pdftex.def)             Requested size: 135.89174pt x 131.57463pt.
<inst/figures/EFT_table4.png, id=639, 983.17313pt x 592.2125pt>
File: inst/figures/EFT_table4.png Graphic file (type png)
<use inst/figures/EFT_table4.png>
Package pdftex.def Info: inst/figures/EFT_table4.png  used on input line 786.
(pdftex.def)             Requested size: 362.37569pt x 218.2748pt.


LaTeX Warning: `h' float specifier changed to `ht'.

[15 <./inst/figures/img_3Dm_1.png> <./inst/figures/img_3Dm_2.png> <./inst/figur
es/img_3Dm_3.png> <./inst/figures/img_3Dm_4.png> <./inst/figures/img_3Dm_5.png>
 <./inst/figures/img_3Dm_6.png>]
LaTeX Font Info:    Font shape `OT1/cmtt/bx/n' in size <10> not available
(Font)              Font shape `OT1/cmtt/m/n' tried instead on input line 826.
 [16 <./inst/figures/EFT_table4.png>]

! LaTeX Error: Unicode character ⚠ (U+26A0)
               not set up for use with LaTeX.

See the LaTeX manual or LaTeX Companion for explanation.
Type  H <return>  for immediate help.
 ...                                              
                                                  
l.852 ...ages or contain unoptimized algorithms.}}
                                                  
You may provide a definition with
\DeclareUnicodeCharacter 

[17]

! LaTeX Error: Unicode character ⚠ (U+26A0)
               not set up for use with LaTeX.

See the LaTeX manual or LaTeX Companion for explanation.
Type  H <return>  for immediate help.
 ...                                              
                                                  
l.942 ...ages or contain unoptimized algorithms.}}
                                                  
You may provide a definition with
\DeclareUnicodeCharacter 

[18] [19]
Overfull \hbox (5.16754pt too wide) in paragraph at lines 1052--1053
\OT1/cmtt/m/n/10 spatstat.sparse\OT1/cmr/m/n/10 , \OT1/cmtt/m/n/10 spatstat\OT1
/cmr/m/n/10 , \OT1/cmtt/m/n/10 spatstat.core\OT1/cmr/m/n/10 , \OT1/cmtt/m/n/10 
spatstat.linnet\OT1/cmr/m/n/10 , \OT1/cmtt/m/n/10 spatstat.geom\OT1/cmr/m/n/10 
, \OT1/cmtt/m/n/10 spatstat.data\OT1/cmr/m/n/10 ,
 []

[20] [21] (README.aux)

LaTeX Font Warning: Some font shapes were not available, defaults substituted.

Package rerunfilecheck Info: File `README.out' has not changed.
(rerunfilecheck)             Checksum: 5712FD5C9DAD47E2F7B2D1F3F3CE1BD9;11725.
 ) 
Here is how much of TeX's memory you used:
 12514 strings out of 475351
 193758 string characters out of 2772902
 1009513 words of memory out of 3000000
 33351 multiletter control sequences out of 15000+600000
 475603 words of font info for 50 fonts, out of 8000000 for 9000
 1141 hyphenation exceptions out of 8191
 72i,12n,77p,736b,2015s stack positions out of 10000i,1000n,20000p,200000b,80000s
 <C:\Users\Kirill\AppData\Local\MiKTeX\2.9\fonts/pk/ljfour/jknappen/ec/dpi600
\tctt0900.pk> <C:\Users\Kirill\AppData\Local\MiKTeX\2.9\fonts/pk/ljfour/jknappe
n/ec/dpi600\tcrm1000.pk><C:/Users/Kirill/AppData/Local/Programs/MiKTeX 2.9/font
s/type1/public/amsfonts/cm/cmbx10.pfb><C:/Users/Kirill/AppData/Local/Programs/M
iKTeX 2.9/fonts/type1/public/amsfonts/cm/cmbx12.pfb><C:/Users/Kirill/AppData/Lo
cal/Programs/MiKTeX 2.9/fonts/type1/public/amsfonts/cm/cmbx8.pfb><C:/Users/Kiri
ll/AppData/Local/Programs/MiKTeX 2.9/fonts/type1/public/amsfonts/cm/cmitt10.pfb
><C:/Users/Kirill/AppData/Local/Programs/MiKTeX 2.9/fonts/type1/public/amsfonts
/cm/cmmi8.pfb><C:/Users/Kirill/AppData/Local/Programs/MiKTeX 2.9/fonts/type1/pu
blic/amsfonts/cm/cmr10.pfb><C:/Users/Kirill/AppData/Local/Programs/MiKTeX 2.9/f
onts/type1/public/amsfonts/cm/cmr12.pfb><C:/Users/Kirill/AppData/Local/Programs
/MiKTeX 2.9/fonts/type1/public/amsfonts/cm/cmr17.pfb><C:/Users/Kirill/AppData/L
ocal/Programs/MiKTeX 2.9/fonts/type1/public/amsfonts/cm/cmr5.pfb><C:/Users/Kiri
ll/AppData/Local/Programs/MiKTeX 2.9/fonts/type1/public/amsfonts/cm/cmr8.pfb><C
:/Users/Kirill/AppData/Local/Programs/MiKTeX 2.9/fonts/type1/public/amsfonts/cm
/cmti10.pfb><C:/Users/Kirill/AppData/Local/Programs/MiKTeX 2.9/fonts/type1/publ
ic/amsfonts/cm/cmtt10.pfb><C:/Users/Kirill/AppData/Local/Programs/MiKTeX 2.9/fo
nts/type1/public/amsfonts/cm/cmtt9.pfb>
Output written on README.pdf (21 pages, 2884659 bytes).
PDF statistics:
 906 PDF objects out of 1000 (max. 8388607)
 398 named destinations out of 1000 (max. 500000)
 726 words of extra memory for PDF output out of 10000 (max. 10000000)

